<?xml version="1.0" encoding="UTF-8"?>
<!-- Generated by org.testng.reporters.JUnitReportReporter -->
<testsuite hostname="LAPTOP-OV0PG4IN" failures="0" tests="4" name="testCases.TC003_LoginDDT" time="19.942" errors="0" timestamp="2026-05-12T16:55:44 IST" skipped="0">
  <testcase classname="testCases.TC003_LoginDDT" name="verify_loginDDT" time="2.537"/>
  <testcase classname="testCases.TC003_LoginDDT" name="verify_loginDDT" time="12.673"/>
  <testcase classname="testCases.TC003_LoginDDT" name="verify_loginDDT" time="2.535"/>
  <testcase classname="testCases.TC003_LoginDDT" name="verify_loginDDT" time="2.197"/>
</testsuite> <!-- testCases.TC003_LoginDDT -->
